c:\users\cmgarcia\documents\visual studio 2015\projects\data_base_project\data_base_project\debug\vc140.pdb
c:\users\cmgarcia\documents\visual studio 2015\projects\data_base_project\data_base_project\debug\vc140.idb
c:\users\cmgarcia\documents\visual studio 2015\projects\data_base_project\data_base_project\debug\error.obj
c:\users\cmgarcia\documents\visual studio 2015\projects\data_base_project\data_base_project\debug\object.obj
c:\users\cmgarcia\documents\visual studio 2015\projects\data_base_project\data_base_project\debug\container.obj
c:\users\cmgarcia\documents\visual studio 2015\projects\data_base_project\data_base_project\debug\hash_table.obj
c:\users\cmgarcia\documents\visual studio 2015\projects\data_base_project\data_base_project\debug\main.obj
c:\users\cmgarcia\documents\visual studio 2015\projects\data_base_project\data_base_project\debug\orbject.obj
c:\users\cmgarcia\documents\visual studio 2015\projects\data_base_project\data_base_project\debug\.netframework,version=v4.0.assemblyattributes.obj
c:\users\cmgarcia\documents\visual studio 2015\projects\data_base_project\data_base_project\debug\.netframework,version=v4.0.assemblyattributes.asm
c:\users\cmgarcia\documents\visual studio 2015\projects\data_base_project\debug\data_base_project.ilk
c:\users\cmgarcia\documents\visual studio 2015\projects\data_base_project\debug\data_base_project.exe
c:\users\cmgarcia\documents\visual studio 2015\projects\data_base_project\debug\data_base_project.pdb
c:\users\cmgarcia\documents\visual studio 2015\projects\data_base_project\data_base_project\debug\data_base_project.vcxprojresolveassemblyreference.cache
c:\users\cmgarcia\documents\visual studio 2015\projects\data_base_project\data_base_project\debug\data_bas.406effda.tlog\cl.command.1.tlog
c:\users\cmgarcia\documents\visual studio 2015\projects\data_base_project\data_base_project\debug\data_bas.406effda.tlog\cl.read.1.tlog
c:\users\cmgarcia\documents\visual studio 2015\projects\data_base_project\data_base_project\debug\data_bas.406effda.tlog\cl.write.1.tlog
c:\users\cmgarcia\documents\visual studio 2015\projects\data_base_project\data_base_project\debug\data_bas.406effda.tlog\link.command.1.tlog
c:\users\cmgarcia\documents\visual studio 2015\projects\data_base_project\data_base_project\debug\data_bas.406effda.tlog\link.read.1.tlog
c:\users\cmgarcia\documents\visual studio 2015\projects\data_base_project\data_base_project\debug\data_bas.406effda.tlog\link.write.1.tlog
c:\users\cmgarcia\documents\visual studio 2015\projects\data_base_project\data_base_project\debug\data_bas.406effda.tlog\metagen.read.1.tlog
c:\users\cmgarcia\documents\visual studio 2015\projects\data_base_project\data_base_project\debug\data_bas.406effda.tlog\metagen.write.1.tlog
c:\users\cmgarcia\documents\visual studio 2015\projects\data_base_project\data_base_project\debug\data_bas.406effda.tlog\tzres.dll.bi
