  serialization_test.cpp
c:\users\cmgarcia\documents\visual studio 2015\projects\data_base_project\data_base_project\tools\data_structures\doubly_linked_list.h(31): warning C4091: 'typedef ': ignored on left of 'tools::data_structures::doubly_linked_list<V,_Compare>::d_node' when no variable is declared
  c:\users\cmgarcia\documents\visual studio 2015\projects\data_base_project\data_base_project\tools\data_structures\doubly_linked_list.h(294): note: see reference to class template instantiation 'tools::data_structures::doubly_linked_list<V,_Compare>' being compiled
  user.cpp
c:\users\cmgarcia\documents\visual studio 2015\projects\data_base_project\data_base_project\lib\security\user.cpp(58): warning C4018: '<': signed/unsigned mismatch
c:\users\cmgarcia\documents\visual studio 2015\projects\data_base_project\data_base_project\lib\security\user.cpp(72): warning C4101: 'oor': unreferenced local variable
  object.cpp
c:\users\cmgarcia\documents\visual studio 2015\projects\data_base_project\data_base_project\lib\object.cpp(90): warning C4018: '<': signed/unsigned mismatch
c:\users\cmgarcia\documents\visual studio 2015\projects\data_base_project\data_base_project\lib\object.cpp(114): warning C4018: '<': signed/unsigned mismatch
  element.cpp
  database.cpp
c:\users\cmgarcia\documents\visual studio 2015\projects\data_base_project\data_base_project\tools\data_structures\doubly_linked_list.h(31): warning C4091: 'typedef ': ignored on left of 'tools::data_structures::doubly_linked_list<V,_Compare>::d_node' when no variable is declared
  c:\users\cmgarcia\documents\visual studio 2015\projects\data_base_project\data_base_project\tools\data_structures\doubly_linked_list.h(294): note: see reference to class template instantiation 'tools::data_structures::doubly_linked_list<V,_Compare>' being compiled
c:\users\cmgarcia\documents\visual studio 2015\projects\data_base_project\data_base_project\lib\database.cpp(57): warning C4018: '<': signed/unsigned mismatch
c:\users\cmgarcia\documents\visual studio 2015\projects\data_base_project\data_base_project\lib\database.cpp(85): warning C4018: '<': signed/unsigned mismatch
c:\users\cmgarcia\documents\visual studio 2015\projects\data_base_project\data_base_project\lib\database.cpp(116): warning C4800: 'BOOL': forcing value to bool 'true' or 'false' (performance warning)
c:\users\cmgarcia\documents\visual studio 2015\projects\data_base_project\data_base_project\lib\database.cpp(181): warning C4018: '<': signed/unsigned mismatch
  container.cpp
c:\users\cmgarcia\documents\visual studio 2015\projects\data_base_project\data_base_project\lib\container.cpp(90): warning C4244: 'argument': conversion from 'int64_t' to 'unsigned int', possible loss of data
  serializable.cpp
c:\users\cmgarcia\documents\visual studio 2015\projects\data_base_project\data_base_project\lib\compression\serializable.cpp(27): warning C4005: 'NULL': macro redefinition
  d:\alex programs\vc\include\vcruntime.h(224): note: see previous definition of 'NULL'
c:\users\cmgarcia\documents\visual studio 2015\projects\data_base_project\data_base_project\lib\compression\serializable.cpp(183): warning C4244: '=': conversion from 'long double' to '__int64', possible loss of data
c:\users\cmgarcia\documents\visual studio 2015\projects\data_base_project\data_base_project\lib\compression\serializable.cpp(199): warning C4244: '=': conversion from 'catdb::serialization::uint64' to 'long double', possible loss of data
c:\users\cmgarcia\documents\visual studio 2015\projects\data_base_project\data_base_project\lib\compression\serializable.cpp(213): warning C4244: 'initializing': conversion from 'catdb::serialization::uint64' to 'catdb::serialization::uint32', possible loss of data
c:\users\cmgarcia\documents\visual studio 2015\projects\data_base_project\data_base_project\lib\compression\serializable.cpp(219): warning C4244: 'return': conversion from 'long double' to 'catdb::serialization::float32', possible loss of data
  objectstream.cpp
  column.cpp
c:\users\cmgarcia\documents\visual studio 2015\projects\data_base_project\data_base_project\tools\data_structures\doubly_linked_list.h(31): warning C4091: 'typedef ': ignored on left of 'tools::data_structures::doubly_linked_list<V,_Compare>::d_node' when no variable is declared
  c:\users\cmgarcia\documents\visual studio 2015\projects\data_base_project\data_base_project\tools\data_structures\doubly_linked_list.h(294): note: see reference to class template instantiation 'tools::data_structures::doubly_linked_list<V,_Compare>' being compiled
c:\users\cmgarcia\documents\visual studio 2015\projects\data_base_project\data_base_project\tools\data_structures\doubly_linked_list.h(31): warning C4091: 'typedef ': ignored on left of 'tools::data_structures::doubly_linked_list<catdb::Element *,catdb::Comparator<V>>::d_node' when no variable is declared
          with
          [
              V=catdb::Element *
          ]
  c:\users\cmgarcia\documents\visual studio 2015\projects\data_base_project\data_base_project\lib\column.cpp(10): note: see reference to class template instantiation 'tools::data_structures::doubly_linked_list<catdb::Element *,catdb::Comparator<V>>' being compiled
          with
          [
              V=catdb::Element *
          ]
c:\users\cmgarcia\documents\visual studio 2015\projects\data_base_project\data_base_project\lib\column.cpp(24): warning C4018: '<': signed/unsigned mismatch
c:\users\cmgarcia\documents\visual studio 2015\projects\data_base_project\data_base_project\lib\column.cpp(31): warning C4018: '<': signed/unsigned mismatch
c:\users\cmgarcia\documents\visual studio 2015\projects\data_base_project\data_base_project\lib\column.cpp(102): warning C4018: '<': signed/unsigned mismatch
c:\users\cmgarcia\documents\visual studio 2015\projects\data_base_project\data_base_project\lib\column.cpp(111): warning C4018: '<': signed/unsigned mismatch
c:\users\cmgarcia\documents\visual studio 2015\projects\data_base_project\data_base_project\tools\data_structures\doubly_linked_list.h(180): warning C4018: '<': signed/unsigned mismatch
  c:\users\cmgarcia\documents\visual studio 2015\projects\data_base_project\data_base_project\tools\data_structures\doubly_linked_list.h(154): note: while compiling class template member function 'bool tools::data_structures::doubly_linked_list<catdb::Element *,catdb::Comparator<V>>::remove(V)'
          with
          [
              V=catdb::Element *
          ]
  c:\users\cmgarcia\documents\visual studio 2015\projects\data_base_project\data_base_project\lib\column.cpp(10): note: see reference to class template instantiation 'tools::data_structures::doubly_linked_list<catdb::Element *,catdb::Comparator<V>>' being compiled
          with
          [
              V=catdb::Element *
          ]
c:\users\cmgarcia\documents\visual studio 2015\projects\data_base_project\data_base_project\tools\remote\linear_search.h(66): warning C4018: '<=': signed/unsigned mismatch
  c:\users\cmgarcia\documents\visual studio 2015\projects\data_base_project\data_base_project\lib\column.cpp(103): note: see reference to function template instantiation 'int tools::remote::linear_search<tools::data_structures::List,catdb::Element>(tools::data_structures::List<catdb::Element *> *,int,int,V *)' being compiled
          with
          [
              V=catdb::Element
          ]
c:\users\cmgarcia\documents\visual studio 2015\projects\data_base_project\data_base_project\tools\sorting\quick_sort.h(170): warning C4018: '<': signed/unsigned mismatch
  c:\users\cmgarcia\documents\visual studio 2015\projects\data_base_project\data_base_project\tools\sorting\quick_sort.h(126): note: see reference to function template instantiation 'int tools::sorting::Internal::partition<tools::data_structures::List,catdb::Element>(tools::data_structures::List<catdb::Element *> &,int,int,tools::sorting::sort_format)' being compiled
  c:\users\cmgarcia\documents\visual studio 2015\projects\data_base_project\data_base_project\tools\sorting\quick_sort.h(46): note: see reference to function template instantiation 'void tools::sorting::Internal::quick_sort_helper<tools::data_structures::List,catdb::Element*>(tools::data_structures::List<catdb::Element *> &,int,int,tools::sorting::sort_format)' being compiled
  c:\users\cmgarcia\documents\visual studio 2015\projects\data_base_project\data_base_project\lib\column.cpp(135): note: see reference to function template instantiation 'void tools::sorting::quick_sort<tools::data_structures::List,catdb::Element>(tools::data_structures::List<catdb::Element *> *,int,int,tools::sorting::sort_format)' being compiled
c:\users\cmgarcia\documents\visual studio 2015\projects\data_base_project\data_base_project\tools\sorting\quick_sort.h(177): warning C4018: '<': signed/unsigned mismatch
  mutex.cpp
  cat_thread.cpp
  error.cpp
  Generating Code...
  hashtable.c
c:\users\cmgarcia\documents\visual studio 2015\projects\data_base_project\data_base_project\db\hashtable.c(6): warning C4005: 'NULL': macro redefinition
  d:\alex programs\vc\include\vcruntime.h(226): note: see previous definition of 'NULL'
c:\users\cmgarcia\documents\visual studio 2015\projects\data_base_project\data_base_project\db\hashtable.c(23): warning C4018: '<': signed/unsigned mismatch
c:\users\cmgarcia\documents\visual studio 2015\projects\data_base_project\data_base_project\db\hashtable.c(68): warning C4047: 'function': 'Key *' differs in levels of indirection from 'Key'
c:\users\cmgarcia\documents\visual studio 2015\projects\data_base_project\data_base_project\db\hashtable.c(68): warning C4024: 'create_new_entry': different types for formal and actual parameter 1
c:\users\cmgarcia\documents\visual studio 2015\projects\data_base_project\data_base_project\db\hashtable.c(68): warning C4047: 'function': 'Value *' differs in levels of indirection from 'Value'
c:\users\cmgarcia\documents\visual studio 2015\projects\data_base_project\data_base_project\db\hashtable.c(68): warning C4024: 'create_new_entry': different types for formal and actual parameter 2
c:\users\cmgarcia\documents\visual studio 2015\projects\data_base_project\data_base_project\db\hashtable.c(57): warning C4244: 'initializing': conversion from '__int64' to 'long', possible loss of data
c:\users\cmgarcia\documents\visual studio 2015\projects\data_base_project\data_base_project\db\hashtable.c(78): warning C4047: '!=': 'Key *' differs in levels of indirection from 'Key'
c:\users\cmgarcia\documents\visual studio 2015\projects\data_base_project\data_base_project\db\hashtable.c(76): warning C4244: 'initializing': conversion from '__int64' to 'long', possible loss of data
c:\users\cmgarcia\documents\visual studio 2015\projects\data_base_project\data_base_project\db\hashtable.c(107): warning C4047: 'return': 'Value *' differs in levels of indirection from 'Value **'
c:\users\cmgarcia\documents\visual studio 2015\projects\data_base_project\data_base_project\db\hashtable.c(96): warning C4244: 'initializing': conversion from '__int64' to 'long', possible loss of data
  data_base_project.vcxproj -> C:\Users\cmgarcia\Documents\Visual Studio 2015\Projects\data_base_project\Debug\data_base_project.exe
