c:\users\cmgarcia\documents\visual studio 2015\projects\data_base_project\data_base_project\release\vc140.pdb
c:\users\cmgarcia\documents\visual studio 2015\projects\data_base_project\data_base_project\release\main.obj
c:\users\cmgarcia\documents\visual studio 2015\projects\data_base_project\data_base_project\release\file.obj
c:\users\cmgarcia\documents\visual studio 2015\projects\data_base_project\data_base_project\release\container.obj
c:\users\cmgarcia\documents\visual studio 2015\projects\data_base_project\data_base_project\release\error.obj
c:\users\cmgarcia\documents\visual studio 2015\projects\data_base_project\data_base_project\release\spammodule.obj
c:\users\cmgarcia\documents\visual studio 2015\projects\data_base_project\data_base_project\release\data_base_project.pdb
c:\users\cmgarcia\documents\visual studio 2015\projects\data_base_project\data_base_project\release\object.obj
c:\users\cmgarcia\documents\visual studio 2015\projects\data_base_project\release\data_base_project.lib
c:\users\cmgarcia\documents\visual studio 2015\projects\data_base_project\release\data_base_project.exp
c:\users\cmgarcia\documents\visual studio 2015\projects\data_base_project\release\data_base_project.exe
c:\users\cmgarcia\documents\visual studio 2015\projects\data_base_project\release\data_base_project.ipdb
c:\users\cmgarcia\documents\visual studio 2015\projects\data_base_project\release\data_base_project.iobj
c:\users\cmgarcia\documents\visual studio 2015\projects\data_base_project\release\data_base_project.pdb
c:\users\cmgarcia\documents\visual studio 2015\projects\data_base_project\data_base_project\release\data_bas.406effda.tlog\cl.command.1.tlog
c:\users\cmgarcia\documents\visual studio 2015\projects\data_base_project\data_base_project\release\data_bas.406effda.tlog\cl.read.1.tlog
c:\users\cmgarcia\documents\visual studio 2015\projects\data_base_project\data_base_project\release\data_bas.406effda.tlog\cl.write.1.tlog
c:\users\cmgarcia\documents\visual studio 2015\projects\data_base_project\data_base_project\release\data_bas.406effda.tlog\data_base_project.write.1u.tlog
c:\users\cmgarcia\documents\visual studio 2015\projects\data_base_project\data_base_project\release\data_bas.406effda.tlog\lib-link.read.1.tlog
c:\users\cmgarcia\documents\visual studio 2015\projects\data_base_project\data_base_project\release\data_bas.406effda.tlog\lib-link.write.1.tlog
c:\users\cmgarcia\documents\visual studio 2015\projects\data_base_project\data_base_project\release\data_bas.406effda.tlog\lib.command.1.tlog
c:\users\cmgarcia\documents\visual studio 2015\projects\data_base_project\data_base_project\release\data_bas.406effda.tlog\link.command.1.tlog
c:\users\cmgarcia\documents\visual studio 2015\projects\data_base_project\data_base_project\release\data_bas.406effda.tlog\link.read.1.tlog
c:\users\cmgarcia\documents\visual studio 2015\projects\data_base_project\data_base_project\release\data_bas.406effda.tlog\link.write.1.tlog
