  error.cpp
  column.cpp
C:\Users\cmgarcia\Documents\Visual Studio 2015\Projects\data_base_project\data_base_project\tools/data_structures/doubly_linked_list.h(31): warning C4091: 'typedef ': ignored on left of 'tools::data_structures::doubly_linked_list<V>::d_node' when no variable is declared
  C:\Users\cmgarcia\Documents\Visual Studio 2015\Projects\data_base_project\data_base_project\tools/data_structures/doubly_linked_list.h(317): note: see reference to class template instantiation 'tools::data_structures::doubly_linked_list<V>' being compiled
C:\Users\cmgarcia\Documents\Visual Studio 2015\Projects\data_base_project\data_base_project\lib/element.h(45): warning C4227: anachronism used: qualifiers on reference are ignored
C:\Users\cmgarcia\Documents\Visual Studio 2015\Projects\data_base_project\data_base_project\lib/element.h(46): warning C4227: anachronism used: qualifiers on reference are ignored
C:\Users\cmgarcia\Documents\Visual Studio 2015\Projects\data_base_project\data_base_project\tools/data_structures/doubly_linked_list.h(31): warning C4091: 'typedef ': ignored on left of 'tools::data_structures::doubly_linked_list<catdb::Element *>::d_node' when no variable is declared
  lib\column.cpp(11): note: see reference to class template instantiation 'tools::data_structures::doubly_linked_list<catdb::Element *>' being compiled
lib\column.cpp(27): warning C4018: '<': signed/unsigned mismatch
lib\column.cpp(34): warning C4018: '<': signed/unsigned mismatch
lib\column.cpp(61): warning C4390: ';': empty controlled statement found; is this the intent?
lib\column.cpp(121): warning C4018: '<': signed/unsigned mismatch
lib\column.cpp(134): warning C4018: '<': signed/unsigned mismatch
C:\Users\cmgarcia\Documents\Visual Studio 2015\Projects\data_base_project\data_base_project\tools/data_structures/doubly_linked_list.h(202): warning C4018: '<': signed/unsigned mismatch
  C:\Users\cmgarcia\Documents\Visual Studio 2015\Projects\data_base_project\data_base_project\tools/data_structures/doubly_linked_list.h(171): note: while compiling class template member function 'bool tools::data_structures::doubly_linked_list<catdb::Element *>::remove(V)'
          with
          [
              V=catdb::Element *
          ]
  lib\column.cpp(11): note: see reference to class template instantiation 'tools::data_structures::doubly_linked_list<catdb::Element *>' being compiled
C:\Users\cmgarcia\Documents\Visual Studio 2015\Projects\data_base_project\data_base_project\tools/remote/linear_search.h(78): warning C4018: '<=': signed/unsigned mismatch
  lib\column.cpp(123): note: see reference to function template instantiation 'int tools::remote::linear_search<tools::data_structures::List,catdb::Element>(tools::data_structures::List<catdb::Element *> *,int,int,V *)' being compiled
          with
          [
              V=catdb::Element
          ]
C:\Users\cmgarcia\Documents\Visual Studio 2015\Projects\data_base_project\data_base_project\tools/sorting/quick_sort.h(205): warning C4018: '<': signed/unsigned mismatch
  C:\Users\cmgarcia\Documents\Visual Studio 2015\Projects\data_base_project\data_base_project\tools/sorting/quick_sort.h(151): note: see reference to function template instantiation 'int tools::sorting::Internal::partition<tools::data_structures::List,catdb::Element>(tools::data_structures::List<catdb::Element *> &,int,int,tools::sorting::sort_type)' being compiled
  C:\Users\cmgarcia\Documents\Visual Studio 2015\Projects\data_base_project\data_base_project\tools/sorting/quick_sort.h(51): note: see reference to function template instantiation 'void tools::sorting::Internal::quick_sort_helper<tools::data_structures::List,catdb::Element*>(tools::data_structures::List<catdb::Element *> &,int,int,tools::sorting::sort_type)' being compiled
  lib\column.cpp(158): note: see reference to function template instantiation 'void tools::sorting::quick_sort<tools::data_structures::List,catdb::Element>(tools::data_structures::List<catdb::Element *> *,int,int,tools::sorting::sort_type)' being compiled
C:\Users\cmgarcia\Documents\Visual Studio 2015\Projects\data_base_project\data_base_project\tools/sorting/quick_sort.h(216): warning C4018: '<': signed/unsigned mismatch
  container.cpp
C:\Users\cmgarcia\Documents\Visual Studio 2015\Projects\data_base_project\data_base_project\lib/element.h(45): warning C4227: anachronism used: qualifiers on reference are ignored
C:\Users\cmgarcia\Documents\Visual Studio 2015\Projects\data_base_project\data_base_project\lib/element.h(46): warning C4227: anachronism used: qualifiers on reference are ignored
  database.cpp
C:\Users\cmgarcia\Documents\Visual Studio 2015\Projects\data_base_project\data_base_project\tools/data_structures/doubly_linked_list.h(31): warning C4091: 'typedef ': ignored on left of 'tools::data_structures::doubly_linked_list<V>::d_node' when no variable is declared
  C:\Users\cmgarcia\Documents\Visual Studio 2015\Projects\data_base_project\data_base_project\tools/data_structures/doubly_linked_list.h(317): note: see reference to class template instantiation 'tools::data_structures::doubly_linked_list<V>' being compiled
C:\Users\cmgarcia\Documents\Visual Studio 2015\Projects\data_base_project\data_base_project\lib/element.h(45): warning C4227: anachronism used: qualifiers on reference are ignored
C:\Users\cmgarcia\Documents\Visual Studio 2015\Projects\data_base_project\data_base_project\lib/element.h(46): warning C4227: anachronism used: qualifiers on reference are ignored
  element.cpp
C:\Users\cmgarcia\Documents\Visual Studio 2015\Projects\data_base_project\data_base_project\lib/element.h(45): warning C4227: anachronism used: qualifiers on reference are ignored
C:\Users\cmgarcia\Documents\Visual Studio 2015\Projects\data_base_project\data_base_project\lib/element.h(46): warning C4227: anachronism used: qualifiers on reference are ignored
  object.cpp
lib\object.cpp(77): warning C4018: '<': signed/unsigned mismatch
lib\object.cpp(100): warning C4018: '<': signed/unsigned mismatch
  user.cpp
lib\security\user.cpp(73): warning C4101: 'oor': unreferenced local variable
  unit_test.cpp
C:\Users\cmgarcia\Documents\Visual Studio 2015\Projects\data_base_project\data_base_project\tools/data_structures/doubly_linked_list.h(31): warning C4091: 'typedef ': ignored on left of 'tools::data_structures::doubly_linked_list<V>::d_node' when no variable is declared
  C:\Users\cmgarcia\Documents\Visual Studio 2015\Projects\data_base_project\data_base_project\tools/data_structures/doubly_linked_list.h(317): note: see reference to class template instantiation 'tools::data_structures::doubly_linked_list<V>' being compiled
C:\Users\cmgarcia\Documents\Visual Studio 2015\Projects\data_base_project\data_base_project\lib/element.h(45): warning C4227: anachronism used: qualifiers on reference are ignored
C:\Users\cmgarcia\Documents\Visual Studio 2015\Projects\data_base_project\data_base_project\lib/element.h(46): warning C4227: anachronism used: qualifiers on reference are ignored
C:\Users\cmgarcia\Documents\Visual Studio 2015\Projects\data_base_project\data_base_project\tools/data_structures/doubly_linked_list.h(31): warning C4091: 'typedef ': ignored on left of 'tools::data_structures::doubly_linked_list<catdb::Element *>::d_node' when no variable is declared
  tests\Unit\unit_test.cpp(13): note: see reference to class template instantiation 'tools::data_structures::doubly_linked_list<catdb::Element *>' being compiled
C:\Users\cmgarcia\Documents\Visual Studio 2015\Projects\data_base_project\data_base_project\tools/data_structures/doubly_linked_list.h(202): warning C4018: '<': signed/unsigned mismatch
  C:\Users\cmgarcia\Documents\Visual Studio 2015\Projects\data_base_project\data_base_project\tools/data_structures/doubly_linked_list.h(171): note: while compiling class template member function 'bool tools::data_structures::doubly_linked_list<catdb::Element *>::remove(V)'
          with
          [
              V=catdb::Element *
          ]
  tests\Unit\unit_test.cpp(13): note: see reference to class template instantiation 'tools::data_structures::doubly_linked_list<catdb::Element *>' being compiled
C:\Users\cmgarcia\Documents\Visual Studio 2015\Projects\data_base_project\data_base_project\tools/sorting/merge_sort.h(274): warning C4018: '<': signed/unsigned mismatch
  C:\Users\cmgarcia\Documents\Visual Studio 2015\Projects\data_base_project\data_base_project\tools/sorting/merge_sort.h(290): note: see reference to function template instantiation 'void tools::sorting::Internal::copy_array<tools::data_structures::doubly_linked_list,V*>(catdb::Element *,int,int,tools::data_structures::doubly_linked_list<catdb::Element *> &)' being compiled
          with
          [
              V=catdb::Element
          ]
  C:\Users\cmgarcia\Documents\Visual Studio 2015\Projects\data_base_project\data_base_project\tools/sorting/merge_sort.h(55): note: see reference to function template instantiation 'void tools::sorting::Internal::merge_sort_helper<tools::data_structures::doubly_linked_list,catdb::Element>(tools::data_structures::doubly_linked_list<catdb::Element *> *,int,int,V **,tools::sorting::sort_type)' being compiled
          with
          [
              V=catdb::Element
          ]
  tests\Unit\unit_test.cpp(36): note: see reference to function template instantiation 'void tools::sorting::merge_sort<tools::data_structures::doubly_linked_list,catdb::Element>(tools::data_structures::doubly_linked_list<catdb::Element *> &,int,int,tools::sorting::sort_type)' being compiled
  Generating code
  All 652 functions were compiled because no usable IPDB/IOBJ from previous compilation was found.
  Finished generating code
  data_base_project.vcxproj -> C:\Users\cmgarcia\Documents\Visual Studio 2015\Projects\data_base_project\Release\data_base_project.exe
